2020-12-22 12:56:05: INFO: Config
DIR:
  DATA: ./
  RESULT: ./result
MODE: conv
MODEL:
  DECAY: 0.7
  LEN: 0.5
  TH: 0.3
  WINDOW: 32
NAME: mnist
SEED: 0
TEST:
  BS: 1000
TRAIN:
  BS: 64
  EPOCHS: 30
  LR: 0.005
  ONE_INIT: False
2020-12-22 12:56:08: INFO: ANN start training.
2020-12-22 12:56:25: INFO: Epoch 1/30  Loss: 0.39845  Train acc: 87.345
2020-12-22 12:56:25: INFO: Parameter containing:
tensor([[[[-0.8036]]],


        [[[-1.0180]]],


        [[[ 0.9836]]],


        [[[-0.6411]]],


        [[[ 1.1672]]],


        [[[ 0.7584]]],


        [[[ 0.6798]]],


        [[[ 0.6068]]],


        [[[-0.7190]]],


        [[[-0.5486]]],


        [[[ 0.6552]]],


        [[[ 0.0178]]],


        [[[ 0.5955]]],


        [[[-0.8703]]],


        [[[-0.4554]]],


        [[[ 0.8289]]],


        [[[ 0.9719]]],


        [[[ 1.2100]]],


        [[[ 0.7185]]],


        [[[ 0.3569]]],


        [[[ 0.4069]]],


        [[[ 1.1502]]],


        [[[-0.6060]]],


        [[[ 1.2082]]],


        [[[ 0.6848]]],


        [[[-0.6109]]],


        [[[-0.7349]]],


        [[[ 0.7793]]],


        [[[-0.6938]]],


        [[[ 0.8801]]],


        [[[-1.2480]]],


        [[[ 0.9272]]]], device='cuda:0', requires_grad=True)
2020-12-22 12:56:26: INFO: Test Acc: 94.43
2020-12-22 12:56:44: INFO: Epoch 2/30  Loss: 0.18719  Train acc: 94.444
2020-12-22 12:56:44: INFO: Parameter containing:
tensor([[[[-0.6691]]],


        [[[-0.8430]]],


        [[[ 0.8198]]],


        [[[-0.5311]]],


        [[[ 0.9745]]],


        [[[ 0.6279]]],


        [[[ 0.5630]]],


        [[[ 0.5068]]],


        [[[-0.5982]]],


        [[[-0.4612]]],


        [[[ 0.5486]]],


        [[[ 0.0153]]],


        [[[ 0.5076]]],


        [[[-0.7176]]],


        [[[-0.3921]]],


        [[[ 0.6799]]],


        [[[ 0.8087]]],


        [[[ 1.0086]]],


        [[[ 0.5996]]],


        [[[ 0.3168]]],


        [[[ 0.3552]]],


        [[[ 0.9620]]],


        [[[-0.5136]]],


        [[[ 1.0054]]],


        [[[ 0.5630]]],


        [[[-0.5133]]],


        [[[-0.6081]]],


        [[[ 0.6474]]],


        [[[-0.5813]]],


        [[[ 0.7241]]],


        [[[-1.0369]]],


        [[[ 0.7777]]]], device='cuda:0', requires_grad=True)
2020-12-22 12:56:45: INFO: Test Acc: 95.51
2020-12-22 12:57:02: INFO: Epoch 3/30  Loss: 0.15911  Train acc: 95.229
2020-12-22 12:57:02: INFO: Parameter containing:
tensor([[[[-0.5310]]],


        [[[-0.6659]]],


        [[[ 0.6456]]],


        [[[-0.4229]]],


        [[[ 0.7708]]],


        [[[ 0.4905]]],


        [[[ 0.4494]]],


        [[[ 0.4027]]],


        [[[-0.4704]]],


        [[[-0.3646]]],


        [[[ 0.4392]]],


        [[[ 0.0151]]],


        [[[ 0.4042]]],


        [[[-0.5610]]],


        [[[-0.3204]]],


        [[[ 0.5401]]],


        [[[ 0.6488]]],


        [[[ 0.8002]]],


        [[[ 0.4725]]],


        [[[ 0.2576]]],


        [[[ 0.2902]]],


        [[[ 0.7632]]],


        [[[-0.4073]]],


        [[[ 0.8047]]],


        [[[ 0.4457]]],


        [[[-0.4104]]],


        [[[-0.4808]]],


        [[[ 0.5025]]],


        [[[-0.4557]]],


        [[[ 0.5710]]],


        [[[-0.8150]]],


        [[[ 0.6123]]]], device='cuda:0', requires_grad=True)
2020-12-22 12:57:03: INFO: Test Acc: 95.80
2020-12-22 12:57:21: INFO: Epoch 4/30  Loss: 0.14117  Train acc: 95.794
2020-12-22 12:57:21: INFO: Parameter containing:
tensor([[[[-0.4868]]],


        [[[-0.5961]]],


        [[[ 0.5843]]],


        [[[-0.3915]]],


        [[[ 0.6936]]],


        [[[ 0.4498]]],


        [[[ 0.4126]]],


        [[[ 0.3775]]],


        [[[-0.4401]]],


        [[[-0.3398]]],


        [[[ 0.4056]]],


        [[[ 0.0155]]],


        [[[ 0.3785]]],


        [[[-0.5138]]],


        [[[-0.3040]]],


        [[[ 0.4923]]],


        [[[ 0.5883]]],


        [[[ 0.7179]]],


        [[[ 0.4357]]],


        [[[ 0.2533]]],


        [[[ 0.2803]]],


        [[[ 0.6819]]],


        [[[-0.3842]]],


        [[[ 0.7192]]],


        [[[ 0.4067]]],


        [[[-0.3783]]],


        [[[-0.4417]]],


        [[[ 0.4632]]],


        [[[-0.4178]]],


        [[[ 0.5126]]],


        [[[-0.7328]]],


        [[[ 0.5581]]]], device='cuda:0', requires_grad=True)
2020-12-22 12:57:22: INFO: Test Acc: 96.54
2020-12-22 12:57:40: INFO: Epoch 5/30  Loss: 0.13024  Train acc: 96.073
2020-12-22 12:57:40: INFO: Parameter containing:
tensor([[[[-0.4025]]],


        [[[-0.4994]]],


        [[[ 0.4852]]],


        [[[-0.3225]]],


        [[[ 0.5787]]],


        [[[ 0.3712]]],


        [[[ 0.3410]]],


        [[[ 0.3114]]],


        [[[-0.3679]]],


        [[[-0.2842]]],


        [[[ 0.3368]]],


        [[[ 0.0069]]],


        [[[ 0.3181]]],


        [[[-0.4220]]],


        [[[-0.2600]]],


        [[[ 0.4079]]],


        [[[ 0.4967]]],


        [[[ 0.6051]]],


        [[[ 0.3625]]],


        [[[ 0.2189]]],


        [[[ 0.2400]]],


        [[[ 0.5764]]],


        [[[-0.3190]]],


        [[[ 0.6078]]],


        [[[ 0.3327]]],


        [[[-0.3126]]],


        [[[-0.3641]]],


        [[[ 0.3832]]],


        [[[-0.3470]]],


        [[[ 0.4261]]],


        [[[-0.6130]]],


        [[[ 0.4650]]]], device='cuda:0', requires_grad=True)
2020-12-22 12:57:41: INFO: Test Acc: 96.56
2020-12-22 12:57:58: INFO: Epoch 6/30  Loss: 0.12375  Train acc: 96.225
2020-12-22 12:57:58: INFO: Parameter containing:
tensor([[[[-0.3184]]],


        [[[-0.3937]]],


        [[[ 0.3887]]],


        [[[-0.2615]]],


        [[[ 0.4692]]],


        [[[ 0.2946]]],


        [[[ 0.2738]]],


        [[[ 0.2502]]],


        [[[-0.2918]]],


        [[[-0.2270]]],


        [[[ 0.2720]]],


        [[[ 0.0223]]],


        [[[ 0.2571]]],


        [[[-0.3354]]],


        [[[-0.2161]]],


        [[[ 0.3246]]],


        [[[ 0.3971]]],


        [[[ 0.4877]]],


        [[[ 0.2903]]],


        [[[ 0.1874]]],


        [[[ 0.2051]]],


        [[[ 0.4636]]],


        [[[-0.2587]]],


        [[[ 0.4907]]],


        [[[ 0.2654]]],


        [[[-0.2566]]],


        [[[-0.2893]]],


        [[[ 0.3075]]],


        [[[-0.2753]]],


        [[[ 0.3403]]],


        [[[-0.4907]]],


        [[[ 0.3746]]]], device='cuda:0', requires_grad=True)
2020-12-22 12:57:59: INFO: Test Acc: 96.19
2020-12-22 12:58:16: INFO: Epoch 7/30  Loss: 0.12037  Train acc: 96.441
2020-12-22 12:58:16: INFO: Parameter containing:
tensor([[[[-0.2883]]],


        [[[-0.3498]]],


        [[[ 0.3473]]],


        [[[-0.2318]]],


        [[[ 0.4167]]],


        [[[ 0.2619]]],


        [[[ 0.2481]]],


        [[[ 0.2270]]],


        [[[-0.2619]]],


        [[[-0.2033]]],


        [[[ 0.2466]]],


        [[[ 0.0548]]],


        [[[ 0.2321]]],


        [[[-0.2989]]],


        [[[-0.1978]]],


        [[[ 0.2921]]],


        [[[ 0.3603]]],


        [[[ 0.4343]]],


        [[[ 0.2627]]],


        [[[ 0.1672]]],


        [[[ 0.1825]]],


        [[[ 0.4120]]],


        [[[-0.2346]]],


        [[[ 0.4373]]],


        [[[ 0.2360]]],


        [[[-0.2273]]],


        [[[-0.2563]]],


        [[[ 0.2697]]],


        [[[-0.2467]]],


        [[[ 0.3004]]],


        [[[-0.4342]]],


        [[[ 0.3347]]]], device='cuda:0', requires_grad=True)
2020-12-22 12:58:17: INFO: Test Acc: 96.38
2020-12-22 12:58:35: INFO: Epoch 8/30  Loss: 0.11449  Train acc: 96.617
2020-12-22 12:58:35: INFO: Parameter containing:
tensor([[[[-0.2589]]],


        [[[-0.3163]]],


        [[[ 0.3138]]],


        [[[-0.2114]]],


        [[[ 0.3748]]],


        [[[ 0.2318]]],


        [[[ 0.2225]]],


        [[[ 0.2068]]],


        [[[-0.2397]]],


        [[[-0.1803]]],


        [[[ 0.2271]]],


        [[[ 0.0154]]],


        [[[ 0.2139]]],


        [[[-0.2682]]],


        [[[-0.1821]]],


        [[[ 0.2603]]],


        [[[ 0.3269]]],


        [[[ 0.3872]]],


        [[[ 0.2343]]],


        [[[ 0.1562]]],


        [[[ 0.1703]]],


        [[[ 0.3714]]],


        [[[-0.2155]]],


        [[[ 0.3912]]],


        [[[ 0.2089]]],


        [[[-0.2033]]],


        [[[-0.2288]]],


        [[[ 0.2421]]],


        [[[-0.2231]]],


        [[[ 0.2681]]],


        [[[-0.3846]]],


        [[[ 0.3014]]]], device='cuda:0', requires_grad=True)
2020-12-22 12:58:36: INFO: Test Acc: 95.77
2020-12-22 12:58:54: INFO: Epoch 9/30  Loss: 0.10965  Train acc: 96.695
2020-12-22 12:58:54: INFO: Parameter containing:
tensor([[[[-0.2216]]],


        [[[-0.2645]]],


        [[[ 0.2635]]],


        [[[-0.1841]]],


        [[[ 0.3189]]],


        [[[ 0.1950]]],


        [[[ 0.1912]]],


        [[[ 0.1770]]],


        [[[-0.2006]]],


        [[[-0.1535]]],


        [[[ 0.1921]]],


        [[[-0.0005]]],


        [[[ 0.1846]]],


        [[[-0.2258]]],


        [[[-0.1621]]],


        [[[ 0.2208]]],


        [[[ 0.2800]]],


        [[[ 0.3301]]],


        [[[ 0.2012]]],


        [[[ 0.1420]]],


        [[[ 0.1519]]],


        [[[ 0.3163]]],


        [[[-0.1862]]],


        [[[ 0.3347]]],


        [[[ 0.1766]]],


        [[[-0.1749]]],


        [[[-0.1941]]],


        [[[ 0.2063]]],


        [[[-0.1908]]],


        [[[ 0.2283]]],


        [[[-0.3297]]],


        [[[ 0.2569]]]], device='cuda:0', requires_grad=True)
2020-12-22 12:58:55: INFO: Test Acc: 96.33
2020-12-22 12:59:13: INFO: Epoch 10/30  Loss: 0.10490  Train acc: 96.793
2020-12-22 12:59:13: INFO: Parameter containing:
tensor([[[[-0.2193]]],


        [[[-0.2618]]],


        [[[ 0.2610]]],


        [[[-0.1842]]],


        [[[ 0.3152]]],


        [[[ 0.1967]]],


        [[[ 0.1923]]],


        [[[ 0.1811]]],


        [[[-0.2054]]],


        [[[-0.1611]]],


        [[[ 0.1958]]],


        [[[ 0.0263]]],


        [[[ 0.1939]]],


        [[[-0.2250]]],


        [[[-0.1733]]],


        [[[ 0.2225]]],


        [[[ 0.2814]]],


        [[[ 0.3278]]],


        [[[ 0.2042]]],


        [[[ 0.1564]]],


        [[[ 0.1658]]],


        [[[ 0.3136]]],


        [[[-0.1926]]],


        [[[ 0.3359]]],


        [[[ 0.1814]]],


        [[[-0.1820]]],


        [[[-0.1954]]],


        [[[ 0.2063]]],


        [[[-0.1922]]],


        [[[ 0.2238]]],


        [[[-0.3261]]],


        [[[ 0.2584]]]], device='cuda:0', requires_grad=True)
2020-12-22 12:59:14: INFO: Test Acc: 97.18
2020-12-22 12:59:32: INFO: Epoch 11/30  Loss: 0.07307  Train acc: 97.747
2020-12-22 12:59:32: INFO: Parameter containing:
tensor([[[[-0.2305]]],


        [[[-0.2713]]],


        [[[ 0.2696]]],


        [[[-0.1960]]],


        [[[ 0.3232]]],


        [[[ 0.2065]]],


        [[[ 0.2047]]],


        [[[ 0.1942]]],


        [[[-0.2164]]],


        [[[-0.1757]]],


        [[[ 0.2071]]],


        [[[ 0.0593]]],


        [[[ 0.2064]]],


        [[[-0.2346]]],


        [[[-0.1868]]],


        [[[ 0.2321]]],


        [[[ 0.2908]]],


        [[[ 0.3369]]],


        [[[ 0.2149]]],


        [[[ 0.1728]]],


        [[[ 0.1805]]],


        [[[ 0.3223]]],


        [[[-0.2052]]],


        [[[ 0.3440]]],


        [[[ 0.1920]]],


        [[[-0.1937]]],


        [[[-0.2051]]],


        [[[ 0.2182]]],


        [[[-0.2032]]],


        [[[ 0.2348]]],


        [[[-0.3335]]],


        [[[ 0.2672]]]], device='cuda:0', requires_grad=True)
2020-12-22 12:59:33: INFO: Test Acc: 97.51
2020-12-22 12:59:51: INFO: Epoch 12/30  Loss: 0.07010  Train acc: 97.816
2020-12-22 12:59:51: INFO: Parameter containing:
tensor([[[[-0.2328]]],


        [[[-0.2730]]],


        [[[ 0.2706]]],


        [[[-0.1985]]],


        [[[ 0.3228]]],


        [[[ 0.2086]]],


        [[[ 0.2067]]],


        [[[ 0.1977]]],


        [[[-0.2192]]],


        [[[-0.1802]]],


        [[[ 0.2094]]],


        [[[ 0.0774]]],


        [[[ 0.2095]]],


        [[[-0.2359]]],


        [[[-0.1916]]],


        [[[ 0.2343]]],


        [[[ 0.2928]]],


        [[[ 0.3389]]],


        [[[ 0.2175]]],


        [[[ 0.1803]]],


        [[[ 0.1854]]],


        [[[ 0.3233]]],


        [[[-0.2091]]],


        [[[ 0.3446]]],


        [[[ 0.1941]]],


        [[[-0.1965]]],


        [[[-0.2059]]],


        [[[ 0.2207]]],


        [[[-0.2054]]],


        [[[ 0.2367]]],


        [[[-0.3337]]],


        [[[ 0.2675]]]], device='cuda:0', requires_grad=True)
2020-12-22 12:59:52: INFO: Test Acc: 97.72
2020-12-22 13:00:10: INFO: Epoch 13/30  Loss: 0.06703  Train acc: 97.949
2020-12-22 13:00:10: INFO: Parameter containing:
tensor([[[[-0.2444]]],


        [[[-0.2834]]],


        [[[ 0.2812]]],


        [[[-0.2098]]],


        [[[ 0.3331]]],


        [[[ 0.2191]]],


        [[[ 0.2184]]],


        [[[ 0.2113]]],


        [[[-0.2313]]],


        [[[-0.1942]]],


        [[[ 0.2215]]],


        [[[ 0.0909]]],


        [[[ 0.2228]]],


        [[[-0.2468]]],


        [[[-0.2058]]],


        [[[ 0.2457]]],


        [[[ 0.3042]]],


        [[[ 0.3498]]],


        [[[ 0.2300]]],


        [[[ 0.1966]]],


        [[[ 0.1998]]],


        [[[ 0.3338]]],


        [[[-0.2226]]],


        [[[ 0.3548]]],


        [[[ 0.2062]]],


        [[[-0.2087]]],


        [[[-0.2171]]],


        [[[ 0.2330]]],


        [[[-0.2172]]],


        [[[ 0.2480]]],


        [[[-0.3430]]],


        [[[ 0.2781]]]], device='cuda:0', requires_grad=True)
2020-12-22 13:00:12: INFO: Test Acc: 97.78
2020-12-22 13:00:30: INFO: Epoch 14/30  Loss: 0.06573  Train acc: 97.969
2020-12-22 13:00:30: INFO: Parameter containing:
tensor([[[[-0.2452]]],


        [[[-0.2843]]],


        [[[ 0.2821]]],


        [[[-0.2105]]],


        [[[ 0.3335]]],


        [[[ 0.2196]]],


        [[[ 0.2191]]],


        [[[ 0.2125]]],


        [[[-0.2318]]],


        [[[-0.1974]]],


        [[[ 0.2218]]],


        [[[ 0.1023]]],


        [[[ 0.2246]]],


        [[[-0.2469]]],


        [[[-0.2085]]],


        [[[ 0.2467]]],


        [[[ 0.3052]]],


        [[[ 0.3512]]],


        [[[ 0.2308]]],


        [[[ 0.2011]]],


        [[[ 0.2026]]],


        [[[ 0.3347]]],


        [[[-0.2242]]],


        [[[ 0.3554]]],


        [[[ 0.2056]]],


        [[[-0.2097]]],


        [[[-0.2174]]],


        [[[ 0.2344]]],


        [[[-0.2174]]],


        [[[ 0.2486]]],


        [[[-0.3432]]],


        [[[ 0.2775]]]], device='cuda:0', requires_grad=True)
2020-12-22 13:00:31: INFO: Test Acc: 97.62
2020-12-22 13:00:49: INFO: Epoch 15/30  Loss: 0.06509  Train acc: 98.021
2020-12-22 13:00:49: INFO: Parameter containing:
tensor([[[[-0.2465]]],


        [[[-0.2853]]],


        [[[ 0.2835]]],


        [[[-0.2131]]],


        [[[ 0.3346]]],


        [[[ 0.2212]]],


        [[[ 0.2230]]],


        [[[ 0.2172]]],


        [[[-0.2345]]],


        [[[-0.2012]]],


        [[[ 0.2241]]],


        [[[ 0.1225]]],


        [[[ 0.2292]]],


        [[[-0.2488]]],


        [[[-0.2143]]],


        [[[ 0.2487]]],


        [[[ 0.3077]]],


        [[[ 0.3530]]],


        [[[ 0.2329]]],


        [[[ 0.2063]]],


        [[[ 0.2079]]],


        [[[ 0.3361]]],


        [[[-0.2277]]],


        [[[ 0.3560]]],


        [[[ 0.2088]]],


        [[[-0.2129]]],


        [[[-0.2189]]],


        [[[ 0.2379]]],


        [[[-0.2206]]],


        [[[ 0.2502]]],


        [[[-0.3435]]],


        [[[ 0.2790]]]], device='cuda:0', requires_grad=True)
2020-12-22 13:00:50: INFO: Test Acc: 97.65
2020-12-22 13:01:08: INFO: Epoch 16/30  Loss: 0.06568  Train acc: 98.024
2020-12-22 13:01:08: INFO: Parameter containing:
tensor([[[[-0.2465]]],


        [[[-0.2856]]],


        [[[ 0.2846]]],


        [[[-0.2135]]],


        [[[ 0.3348]]],


        [[[ 0.2206]]],


        [[[ 0.2238]]],


        [[[ 0.2174]]],


        [[[-0.2347]]],


        [[[-0.2024]]],


        [[[ 0.2248]]],


        [[[ 0.1248]]],


        [[[ 0.2301]]],


        [[[-0.2482]]],


        [[[-0.2155]]],


        [[[ 0.2491]]],


        [[[ 0.3082]]],


        [[[ 0.3544]]],


        [[[ 0.2331]]],


        [[[ 0.2096]]],


        [[[ 0.2094]]],


        [[[ 0.3357]]],


        [[[-0.2283]]],


        [[[ 0.3571]]],


        [[[ 0.2091]]],


        [[[-0.2147]]],


        [[[-0.2175]]],


        [[[ 0.2383]]],


        [[[-0.2205]]],


        [[[ 0.2505]]],


        [[[-0.3441]]],


        [[[ 0.2787]]]], device='cuda:0', requires_grad=True)
2020-12-22 13:01:09: INFO: Test Acc: 97.76
2020-12-22 13:01:27: INFO: Epoch 17/30  Loss: 0.06479  Train acc: 97.994
2020-12-22 13:01:27: INFO: Parameter containing:
tensor([[[[-0.2509]]],


        [[[-0.2903]]],


        [[[ 0.2900]]],


        [[[-0.2172]]],


        [[[ 0.3386]]],


        [[[ 0.2242]]],


        [[[ 0.2271]]],


        [[[ 0.2220]]],


        [[[-0.2400]]],


        [[[-0.2072]]],


        [[[ 0.2294]]],


        [[[ 0.1347]]],


        [[[ 0.2356]]],


        [[[-0.2522]]],


        [[[-0.2212]]],


        [[[ 0.2537]]],


        [[[ 0.3139]]],


        [[[ 0.3589]]],


        [[[ 0.2378]]],


        [[[ 0.2159]]],


        [[[ 0.2158]]],


        [[[ 0.3409]]],


        [[[-0.2336]]],


        [[[ 0.3614]]],


        [[[ 0.2124]]],


        [[[-0.2193]]],


        [[[-0.2206]]],


        [[[ 0.2436]]],


        [[[-0.2257]]],


        [[[ 0.2543]]],


        [[[-0.3478]]],


        [[[ 0.2820]]]], device='cuda:0', requires_grad=True)
2020-12-22 13:01:28: INFO: Test Acc: 97.65
2020-12-22 13:01:46: INFO: Epoch 18/30  Loss: 0.06460  Train acc: 97.999
2020-12-22 13:01:46: INFO: Parameter containing:
tensor([[[[-0.2498]]],


        [[[-0.2892]]],


        [[[ 0.2890]]],


        [[[-0.2166]]],


        [[[ 0.3363]]],


        [[[ 0.2224]]],


        [[[ 0.2279]]],


        [[[ 0.2232]]],


        [[[-0.2398]]],


        [[[-0.2083]]],


        [[[ 0.2289]]],


        [[[ 0.1419]]],


        [[[ 0.2367]]],


        [[[-0.2519]]],


        [[[-0.2225]]],


        [[[ 0.2534]]],


        [[[ 0.3131]]],


        [[[ 0.3583]]],


        [[[ 0.2373]]],


        [[[ 0.2192]]],


        [[[ 0.2181]]],


        [[[ 0.3397]]],


        [[[-0.2334]]],


        [[[ 0.3606]]],


        [[[ 0.2119]]],


        [[[-0.2200]]],


        [[[-0.2196]]],


        [[[ 0.2445]]],


        [[[-0.2259]]],


        [[[ 0.2522]]],


        [[[-0.3463]]],


        [[[ 0.2811]]]], device='cuda:0', requires_grad=True)
2020-12-22 13:01:48: INFO: Test Acc: 97.80
2020-12-22 13:02:05: INFO: Epoch 19/30  Loss: 0.06404  Train acc: 98.036
2020-12-22 13:02:05: INFO: Parameter containing:
tensor([[[[-0.2522]]],


        [[[-0.2903]]],


        [[[ 0.2911]]],


        [[[-0.2191]]],


        [[[ 0.3375]]],


        [[[ 0.2238]]],


        [[[ 0.2310]]],


        [[[ 0.2261]]],


        [[[-0.2420]]],


        [[[-0.2113]]],


        [[[ 0.2317]]],


        [[[ 0.1438]]],


        [[[ 0.2397]]],


        [[[-0.2539]]],


        [[[-0.2251]]],


        [[[ 0.2544]]],


        [[[ 0.3155]]],


        [[[ 0.3602]]],


        [[[ 0.2393]]],


        [[[ 0.2244]]],


        [[[ 0.2226]]],


        [[[ 0.3407]]],


        [[[-0.2361]]],


        [[[ 0.3606]]],


        [[[ 0.2128]]],


        [[[-0.2217]]],


        [[[-0.2206]]],


        [[[ 0.2464]]],


        [[[-0.2279]]],


        [[[ 0.2541]]],


        [[[-0.3476]]],


        [[[ 0.2829]]]], device='cuda:0', requires_grad=True)
2020-12-22 13:02:07: INFO: Test Acc: 97.58
2020-12-22 13:02:24: INFO: Epoch 20/30  Loss: 0.06115  Train acc: 98.126
2020-12-22 13:02:24: INFO: Parameter containing:
tensor([[[[-0.2572]]],


        [[[-0.2950]]],


        [[[ 0.2964]]],


        [[[-0.2263]]],


        [[[ 0.3422]]],


        [[[ 0.2289]]],


        [[[ 0.2375]]],


        [[[ 0.2333]]],


        [[[-0.2484]]],


        [[[-0.2189]]],


        [[[ 0.2381]]],


        [[[ 0.1476]]],


        [[[ 0.2460]]],


        [[[-0.2594]]],


        [[[-0.2330]]],


        [[[ 0.2597]]],


        [[[ 0.3214]]],


        [[[ 0.3653]]],


        [[[ 0.2451]]],


        [[[ 0.2334]]],


        [[[ 0.2302]]],


        [[[ 0.3458]]],


        [[[-0.2430]]],


        [[[ 0.3658]]],


        [[[ 0.2185]]],


        [[[-0.2285]]],


        [[[-0.2260]]],


        [[[ 0.2527]]],


        [[[-0.2342]]],


        [[[ 0.2597]]],


        [[[-0.3520]]],


        [[[ 0.2875]]]], device='cuda:0', requires_grad=True)
2020-12-22 13:02:26: INFO: Test Acc: 97.21
2020-12-22 13:02:44: INFO: Epoch 21/30  Loss: 0.06147  Train acc: 98.044
2020-12-22 13:02:44: INFO: Parameter containing:
tensor([[[[-0.2626]]],


        [[[-0.3004]]],


        [[[ 0.3026]]],


        [[[-0.2327]]],


        [[[ 0.3469]]],


        [[[ 0.2345]]],


        [[[ 0.2440]]],


        [[[ 0.2406]]],


        [[[-0.2552]]],


        [[[-0.2271]]],


        [[[ 0.2447]]],


        [[[ 0.1609]]],


        [[[ 0.2538]]],


        [[[-0.2645]]],


        [[[-0.2413]]],


        [[[ 0.2661]]],


        [[[ 0.3267]]],


        [[[ 0.3708]]],


        [[[ 0.2505]]],


        [[[ 0.2439]]],


        [[[ 0.2390]]],


        [[[ 0.3511]]],


        [[[-0.2497]]],


        [[[ 0.3707]]],


        [[[ 0.2242]]],


        [[[-0.2363]]],


        [[[-0.2315]]],


        [[[ 0.2593]]],


        [[[-0.2414]]],


        [[[ 0.2648]]],


        [[[-0.3568]]],


        [[[ 0.2918]]]], device='cuda:0', requires_grad=True)
2020-12-22 13:02:45: INFO: Test Acc: 97.50
2020-12-22 13:03:03: INFO: Epoch 22/30  Loss: 0.06218  Train acc: 98.057
2020-12-22 13:03:03: INFO: Parameter containing:
tensor([[[[-0.2598]]],


        [[[-0.2978]]],


        [[[ 0.3009]]],


        [[[-0.2294]]],


        [[[ 0.3445]]],


        [[[ 0.2310]]],


        [[[ 0.2409]]],


        [[[ 0.2379]]],


        [[[-0.2537]]],


        [[[-0.2250]]],


        [[[ 0.2414]]],


        [[[ 0.1627]]],


        [[[ 0.2507]]],


        [[[-0.2614]]],


        [[[-0.2395]]],


        [[[ 0.2637]]],


        [[[ 0.3242]]],


        [[[ 0.3697]]],


        [[[ 0.2488]]],


        [[[ 0.2426]]],


        [[[ 0.2375]]],


        [[[ 0.3493]]],


        [[[-0.2472]]],


        [[[ 0.3690]]],


        [[[ 0.2216]]],


        [[[-0.2339]]],


        [[[-0.2284]]],


        [[[ 0.2569]]],


        [[[-0.2380]]],


        [[[ 0.2614]]],


        [[[-0.3544]]],


        [[[ 0.2893]]]], device='cuda:0', requires_grad=True)
2020-12-22 13:03:04: INFO: Test Acc: 97.55
2020-12-22 13:03:22: INFO: Epoch 23/30  Loss: 0.06036  Train acc: 98.127
2020-12-22 13:03:22: INFO: Parameter containing:
tensor([[[[-0.2637]]],


        [[[-0.3009]]],


        [[[ 0.3046]]],


        [[[-0.2330]]],


        [[[ 0.3478]]],


        [[[ 0.2343]]],


        [[[ 0.2442]]],


        [[[ 0.2419]]],


        [[[-0.2569]]],


        [[[-0.2295]]],


        [[[ 0.2446]]],


        [[[ 0.1601]]],


        [[[ 0.2551]]],


        [[[-0.2645]]],


        [[[-0.2431]]],


        [[[ 0.2663]]],


        [[[ 0.3277]]],


        [[[ 0.3728]]],


        [[[ 0.2519]]],


        [[[ 0.2472]]],


        [[[ 0.2414]]],


        [[[ 0.3522]]],


        [[[-0.2505]]],


        [[[ 0.3721]]],


        [[[ 0.2243]]],


        [[[-0.2378]]],


        [[[-0.2307]]],


        [[[ 0.2606]]],


        [[[-0.2412]]],


        [[[ 0.2638]]],


        [[[-0.3570]]],


        [[[ 0.2919]]]], device='cuda:0', requires_grad=True)
2020-12-22 13:03:23: INFO: Test Acc: 97.60
2020-12-22 13:03:41: INFO: Epoch 24/30  Loss: 0.06212  Train acc: 98.067
2020-12-22 13:03:41: INFO: Parameter containing:
tensor([[[[-0.2533]]],


        [[[-0.2915]]],


        [[[ 0.2964]]],


        [[[-0.2228]]],


        [[[ 0.3400]]],


        [[[ 0.2244]]],


        [[[ 0.2343]]],


        [[[ 0.2314]]],


        [[[-0.2482]]],


        [[[-0.2204]]],


        [[[ 0.2348]]],


        [[[ 0.1705]]],


        [[[ 0.2445]]],


        [[[-0.2551]]],


        [[[-0.2338]]],


        [[[ 0.2569]]],


        [[[ 0.3184]]],


        [[[ 0.3650]]],


        [[[ 0.2423]]],


        [[[ 0.2379]]],


        [[[ 0.2325]]],


        [[[ 0.3436]]],


        [[[-0.2404]]],


        [[[ 0.3646]]],


        [[[ 0.2139]]],


        [[[-0.2281]]],


        [[[-0.2202]]],


        [[[ 0.2521]]],


        [[[-0.2313]]],


        [[[ 0.2544]]],


        [[[-0.3493]]],


        [[[ 0.2833]]]], device='cuda:0', requires_grad=True)
2020-12-22 13:03:42: INFO: Test Acc: 97.73
2020-12-22 13:04:00: INFO: Epoch 25/30  Loss: 0.06071  Train acc: 98.101
2020-12-22 13:04:00: INFO: Parameter containing:
tensor([[[[-0.2630]]],


        [[[-0.3010]]],


        [[[ 0.3057]]],


        [[[-0.2339]]],


        [[[ 0.3482]]],


        [[[ 0.2340]]],


        [[[ 0.2444]]],


        [[[ 0.2423]]],


        [[[-0.2578]]],


        [[[-0.2323]]],


        [[[ 0.2443]]],


        [[[ 0.1732]]],


        [[[ 0.2551]]],


        [[[-0.2638]]],


        [[[-0.2455]]],


        [[[ 0.2660]]],


        [[[ 0.3274]]],


        [[[ 0.3728]]],


        [[[ 0.2523]]],


        [[[ 0.2514]]],


        [[[ 0.2442]]],


        [[[ 0.3510]]],


        [[[-0.2511]]],


        [[[ 0.3718]]],


        [[[ 0.2239]]],


        [[[-0.2383]]],


        [[[-0.2291]]],


        [[[ 0.2616]]],


        [[[-0.2418]]],


        [[[ 0.2642]]],


        [[[-0.3571]]],


        [[[ 0.2915]]]], device='cuda:0', requires_grad=True)
2020-12-22 13:04:01: INFO: Test Acc: 97.54
2020-12-22 13:04:19: INFO: Epoch 26/30  Loss: 0.05962  Train acc: 98.144
2020-12-22 13:04:19: INFO: Parameter containing:
tensor([[[[-0.2664]]],


        [[[-0.3030]]],


        [[[ 0.3086]]],


        [[[-0.2370]]],


        [[[ 0.3506]]],


        [[[ 0.2360]]],


        [[[ 0.2471]]],


        [[[ 0.2464]]],


        [[[-0.2610]]],


        [[[-0.2369]]],


        [[[ 0.2465]]],


        [[[ 0.1707]]],


        [[[ 0.2587]]],


        [[[-0.2672]]],


        [[[-0.2499]]],


        [[[ 0.2697]]],


        [[[ 0.3299]]],


        [[[ 0.3747]]],


        [[[ 0.2546]]],


        [[[ 0.2574]]],


        [[[ 0.2497]]],


        [[[ 0.3546]]],


        [[[-0.2546]]],


        [[[ 0.3733]]],


        [[[ 0.2278]]],


        [[[-0.2418]]],


        [[[-0.2313]]],


        [[[ 0.2659]]],


        [[[-0.2455]]],


        [[[ 0.2672]]],


        [[[-0.3572]]],


        [[[ 0.2932]]]], device='cuda:0', requires_grad=True)
2020-12-22 13:04:20: INFO: Test Acc: 97.77
2020-12-22 13:04:38: INFO: Epoch 27/30  Loss: 0.06010  Train acc: 98.157
2020-12-22 13:04:38: INFO: Parameter containing:
tensor([[[[-0.2653]]],


        [[[-0.3032]]],


        [[[ 0.3085]]],


        [[[-0.2362]]],


        [[[ 0.3502]]],


        [[[ 0.2350]]],


        [[[ 0.2464]]],


        [[[ 0.2450]]],


        [[[-0.2602]]],


        [[[-0.2355]]],


        [[[ 0.2455]]],


        [[[ 0.1832]]],


        [[[ 0.2578]]],


        [[[-0.2654]]],


        [[[-0.2490]]],


        [[[ 0.2676]]],


        [[[ 0.3301]]],


        [[[ 0.3741]]],


        [[[ 0.2533]]],


        [[[ 0.2584]]],


        [[[ 0.2498]]],


        [[[ 0.3533]]],


        [[[-0.2530]]],


        [[[ 0.3727]]],


        [[[ 0.2262]]],


        [[[-0.2403]]],


        [[[-0.2300]]],


        [[[ 0.2645]]],


        [[[-0.2440]]],


        [[[ 0.2644]]],


        [[[-0.3573]]],


        [[[ 0.2919]]]], device='cuda:0', requires_grad=True)
2020-12-22 13:04:39: INFO: Test Acc: 97.59
2020-12-22 13:04:56: INFO: Epoch 28/30  Loss: 0.05847  Train acc: 98.197
2020-12-22 13:04:56: INFO: Parameter containing:
tensor([[[[-0.2731]]],


        [[[-0.3115]]],


        [[[ 0.3164]]],


        [[[-0.2449]]],


        [[[ 0.3583]]],


        [[[ 0.2430]]],


        [[[ 0.2544]]],


        [[[ 0.2533]]],


        [[[-0.2693]]],


        [[[-0.2453]]],


        [[[ 0.2529]]],


        [[[ 0.1752]]],


        [[[ 0.2663]]],


        [[[-0.2735]]],


        [[[-0.2578]]],


        [[[ 0.2761]]],


        [[[ 0.3387]]],


        [[[ 0.3823]]],


        [[[ 0.2620]]],


        [[[ 0.2671]]],


        [[[ 0.2592]]],


        [[[ 0.3613]]],


        [[[-0.2626]]],


        [[[ 0.3794]]],


        [[[ 0.2352]]],


        [[[-0.2494]]],


        [[[-0.2380]]],


        [[[ 0.2731]]],


        [[[-0.2522]]],


        [[[ 0.2729]]],


        [[[-0.3646]]],


        [[[ 0.2994]]]], device='cuda:0', requires_grad=True)
2020-12-22 13:04:57: INFO: Test Acc: 97.54
2020-12-22 13:05:15: INFO: Epoch 29/30  Loss: 0.05871  Train acc: 98.129
2020-12-22 13:05:15: INFO: Parameter containing:
tensor([[[[-0.2638]]],


        [[[-0.3008]]],


        [[[ 0.3077]]],


        [[[-0.2350]]],


        [[[ 0.3493]]],


        [[[ 0.2323]]],


        [[[ 0.2434]]],


        [[[ 0.2431]]],


        [[[-0.2593]]],


        [[[-0.2359]]],


        [[[ 0.2437]]],


        [[[ 0.1672]]],


        [[[ 0.2566]]],


        [[[-0.2635]]],


        [[[-0.2481]]],


        [[[ 0.2665]]],


        [[[ 0.3294]]],


        [[[ 0.3739]]],


        [[[ 0.2508]]],


        [[[ 0.2578]]],


        [[[ 0.2495]]],


        [[[ 0.3526]]],


        [[[-0.2533]]],


        [[[ 0.3702]]],


        [[[ 0.2244]]],


        [[[-0.2388]]],


        [[[-0.2272]]],


        [[[ 0.2633]]],


        [[[-0.2422]]],


        [[[ 0.2623]]],


        [[[-0.3553]]],


        [[[ 0.2890]]]], device='cuda:0', requires_grad=True)
2020-12-22 13:05:16: INFO: Test Acc: 97.65
2020-12-22 13:05:34: INFO: Epoch 30/30  Loss: 0.05706  Train acc: 98.211
2020-12-22 13:05:34: INFO: Parameter containing:
tensor([[[[-0.2747]]],


        [[[-0.3105]]],


        [[[ 0.3169]]],


        [[[-0.2476]]],


        [[[ 0.3583]]],


        [[[ 0.2425]]],


        [[[ 0.2559]]],


        [[[ 0.2563]]],


        [[[-0.2710]]],


        [[[-0.2482]]],


        [[[ 0.2544]]],


        [[[ 0.1812]]],


        [[[ 0.2678]]],


        [[[-0.2740]]],


        [[[-0.2611]]],


        [[[ 0.2776]]],


        [[[ 0.3387]]],


        [[[ 0.3833]]],


        [[[ 0.2623]]],


        [[[ 0.2733]]],


        [[[ 0.2627]]],


        [[[ 0.3620]]],


        [[[-0.2654]]],


        [[[ 0.3795]]],


        [[[ 0.2349]]],


        [[[-0.2513]]],


        [[[-0.2383]]],


        [[[ 0.2752]]],


        [[[-0.2536]]],


        [[[ 0.2725]]],


        [[[-0.3643]]],


        [[[ 0.2990]]]], device='cuda:0', requires_grad=True)
2020-12-22 13:05:35: INFO: Test Acc: 97.57
2020-12-22 13:05:35: INFO: SNN start training.
2020-12-22 13:12:33: INFO: Epoch 1/30  Loss: 2.23610  Train acc: 11.543
2020-12-22 13:13:01: INFO: Test Acc: 11.35
2020-12-22 13:19:55: INFO: Epoch 2/30  Loss: 2.22080  Train acc: 18.478
2020-12-22 13:20:23: INFO: Test Acc: 19.96
2020-12-22 13:27:20: INFO: Epoch 3/30  Loss: 2.21970  Train acc: 20.092
2020-12-22 13:27:48: INFO: Test Acc: 19.63
2020-12-22 13:34:46: INFO: Epoch 4/30  Loss: 2.21927  Train acc: 20.042
2020-12-22 13:35:14: INFO: Test Acc: 20.35
2020-12-22 13:42:12: INFO: Epoch 5/30  Loss: 2.21897  Train acc: 20.029
2020-12-22 13:42:40: INFO: Test Acc: 20.06
2020-12-22 13:49:38: INFO: Epoch 6/30  Loss: 2.21880  Train acc: 20.107
2020-12-22 13:50:07: INFO: Test Acc: 19.98
2020-12-22 13:57:02: INFO: Epoch 7/30  Loss: 2.21846  Train acc: 20.154
2020-12-22 13:57:31: INFO: Test Acc: 18.66
2020-12-22 14:04:28: INFO: Epoch 8/30  Loss: 2.21821  Train acc: 20.312
2020-12-22 14:04:57: INFO: Test Acc: 20.57
2020-12-22 14:11:54: INFO: Epoch 9/30  Loss: 2.21812  Train acc: 20.344
2020-12-22 14:12:22: INFO: Test Acc: 20.50
2020-12-22 14:19:19: INFO: Epoch 10/30  Loss: 2.21811  Train acc: 20.207
2020-12-22 14:19:48: INFO: Test Acc: 20.11
2020-12-22 14:26:43: INFO: Epoch 11/30  Loss: 2.21719  Train acc: 20.429
2020-12-22 14:27:12: INFO: Test Acc: 20.67
2020-12-22 14:34:07: INFO: Epoch 12/30  Loss: 2.21712  Train acc: 20.438
2020-12-22 14:34:35: INFO: Test Acc: 20.92
2020-12-22 14:41:33: INFO: Epoch 13/30  Loss: 2.21708  Train acc: 20.451
2020-12-22 14:42:01: INFO: Test Acc: 20.87
2020-12-22 14:48:57: INFO: Epoch 14/30  Loss: 2.21701  Train acc: 20.346
2020-12-22 14:49:25: INFO: Test Acc: 20.88
2020-12-22 14:56:20: INFO: Epoch 15/30  Loss: 2.21696  Train acc: 20.503
2020-12-22 14:56:49: INFO: Test Acc: 21.04
2020-12-22 15:03:43: INFO: Epoch 16/30  Loss: 2.21704  Train acc: 20.481
2020-12-22 15:04:11: INFO: Test Acc: 20.85
2020-12-22 15:11:07: INFO: Epoch 17/30  Loss: 2.21697  Train acc: 20.509
2020-12-22 15:11:35: INFO: Test Acc: 20.77
2020-12-22 15:18:31: INFO: Epoch 18/30  Loss: 2.21693  Train acc: 20.608
2020-12-22 15:18:59: INFO: Test Acc: 20.83
2020-12-22 15:25:55: INFO: Epoch 19/30  Loss: 2.21700  Train acc: 20.556
2020-12-22 15:26:23: INFO: Test Acc: 20.68
2020-12-22 15:33:17: INFO: Epoch 20/30  Loss: 2.21691  Train acc: 20.479
2020-12-22 15:33:46: INFO: Test Acc: 20.90
2020-12-22 15:40:43: INFO: Epoch 21/30  Loss: 2.21692  Train acc: 20.451
2020-12-22 15:41:11: INFO: Test Acc: 20.88
2020-12-22 15:48:08: INFO: Epoch 22/30  Loss: 2.21683  Train acc: 20.476
2020-12-22 15:48:37: INFO: Test Acc: 20.88
2020-12-22 15:55:33: INFO: Epoch 23/30  Loss: 2.21689  Train acc: 20.391
2020-12-22 15:56:02: INFO: Test Acc: 20.85
2020-12-22 16:02:59: INFO: Epoch 24/30  Loss: 2.21679  Train acc: 20.553
2020-12-22 16:03:27: INFO: Test Acc: 20.77
2020-12-22 16:10:24: INFO: Epoch 25/30  Loss: 2.21685  Train acc: 20.594
2020-12-22 16:10:52: INFO: Test Acc: 20.79
2020-12-22 16:17:50: INFO: Epoch 26/30  Loss: 2.21683  Train acc: 20.854
2020-12-22 16:18:18: INFO: Test Acc: 20.67
2020-12-22 16:25:16: INFO: Epoch 27/30  Loss: 2.21679  Train acc: 20.471
2020-12-22 16:25:44: INFO: Test Acc: 20.82
2020-12-22 16:32:41: INFO: Epoch 28/30  Loss: 2.21679  Train acc: 20.508
2020-12-22 16:33:09: INFO: Test Acc: 20.74
2020-12-22 16:40:06: INFO: Epoch 29/30  Loss: 2.21688  Train acc: 20.434
2020-12-22 16:40:35: INFO: Test Acc: 20.71
2020-12-22 16:47:32: INFO: Epoch 30/30  Loss: 2.21675  Train acc: 20.529
2020-12-22 16:48:00: INFO: Test Acc: 20.84
